Now listening on: http://localhost:8080
Application started. Press CTRL+C to shut down.
[]
[]
[]
[]
[]
[]
[胡萝卜 豆角 青菜 土豆 南瓜 花菜 西兰花 不吃 竹笋 莲藕 白萝卜]
[白切鸡 烧鸭 卤鸭 菠菜炒鸭 手撕鸡 辣子鸡 牛肉炒芹菜 驴肉]
[胡萝卜 豆角 青菜 土豆 南瓜 花菜 西兰花 竹笋 莲藕 白萝卜 不吃 不吃]
[白切鸡 烧鸭 卤鸭 菠菜炒鸭 手撕鸡 辣子鸡 牛肉炒芹菜 驴肉]
[胡萝卜 豆角 青菜 土豆 南瓜 花菜 西兰花 竹笋 莲藕 白萝卜 不吃 不吃]
[白切鸡 烧鸭 卤鸭 菠菜炒鸭 手撕鸡 辣子鸡 牛肉炒芹菜 驴肉]
[胡萝卜 豆角 青菜 土豆 南瓜 花菜 西兰花 竹笋 莲藕 白萝卜 不吃 不吃]
[白切鸡 烧鸭 卤鸭 菠菜炒鸭 手撕鸡 辣子鸡 牛肉炒芹菜 驴肉]
[胡萝卜 豆角 青菜 土豆 南瓜 花菜 西兰花 竹笋 莲藕 白萝卜 不吃 不吃]
[白切鸡 烧鸭 卤鸭 菠菜炒鸭 手撕鸡 辣子鸡 牛肉炒芹菜 驴肉]
[胡萝卜 豆角 青菜 土豆 南瓜 花菜 西兰花 不吃 不吃 竹笋 莲藕 白萝卜]
[白切鸡 烧鸭 卤鸭 菠菜炒鸭 手撕鸡 辣子鸡 牛肉炒芹菜 不想吃 驴肉]
[胡萝卜 豆角 青菜 土豆 南瓜 花菜 西兰花 不吃 不吃 竹笋 莲藕 白萝卜]
[白切鸡 烧鸭 卤鸭 菠菜炒鸭 手撕鸡 辣子鸡 牛肉炒芹菜 不想吃 驴肉]
[胡萝卜 豆角 青菜 土豆 南瓜 花菜 西兰花 不吃 不吃 竹笋 莲藕 白萝卜]
[白切鸡 烧鸭 卤鸭 菠菜炒鸭 手撕鸡 辣子鸡 牛肉炒芹菜 不想吃 驴肉]
